[0mCMake Deprecation Warning at CMakeLists.txt:1 (cmake_minimum_required):
  Compatibility with CMake < 3.10 will be removed from a future version of
  CMake.

  Update the VERSION argument <min> value.  Or, use the <min>...<max> syntax
  to tell CMake that the project requires at least <min> but has been updated
  to work with policies introduced by <max> or earlier.

[0m
-- Found ament_cmake: 1.3.12 (/opt/ros/humble/share/ament_cmake/cmake)
-- Found rclcpp: 16.0.16 (/opt/ros/humble/share/rclcpp/cmake)
-- Found rosidl_generator_c: 3.1.7 (/opt/ros/humble/share/rosidl_generator_c/cmake)
-- Found rosidl_adapter: 3.1.7 (/opt/ros/humble/share/rosidl_adapter/cmake)
-- Found rosidl_generator_cpp: 3.1.7 (/opt/ros/humble/share/rosidl_generator_cpp/cmake)
-- Using all available rosidl_typesupport_c: rosidl_typesupport_fastrtps_c;rosidl_typesupport_introspection_c
-- Using all available rosidl_typesupport_cpp: rosidl_typesupport_fastrtps_cpp;rosidl_typesupport_introspection_cpp
-- Found rmw_implementation_cmake: 6.1.2 (/opt/ros/humble/share/rmw_implementation_cmake/cmake)
-- Found rmw_fastrtps_cpp: 6.2.9 (/opt/ros/humble/share/rmw_fastrtps_cpp/cmake)
-- Using RMW implementation 'rmw_fastrtps_cpp' as default
-- Found cv_bridge: 3.2.1 (/opt/ros/humble/share/cv_bridge/cmake)
-- Found ament_lint_auto: 0.12.14 (/opt/ros/humble/share/ament_lint_auto/cmake)
-- Added test 'cppcheck' to perform static code analysis on C / C++ code
-- Configured cppcheck include dirs: /home/liker/Desktop/camera1/c_ws/src/vision_detector/include
-- Configured cppcheck exclude dirs and/or files: 
-- Added test 'lint_cmake' to check CMake code style
-- Added test 'uncrustify' to check C / C++ code style
-- Configured uncrustify additional arguments: 
-- Added test 'xmllint' to check XML markup files
-- Configuring done (1.1s)
-- Generating done (0.0s)
-- Build files have been written to: /home/liker/Desktop/camera1/c_ws/src/build/vision_detector
[ 25%] [32mBuilding CXX object CMakeFiles/vision_detector.dir/src/detector.cpp.o[0m
[ 50%] [32mBuilding CXX object CMakeFiles/vision_detector.dir/src/vision_detector.cpp.o[0m
[ 75%] [32mBuilding CXX object CMakeFiles/vision_detector.dir/src/pinhole_camera.cpp.o[0m
[01m[K/home/liker/Desktop/camera1/c_ws/src/vision_detector/src/vision_detector.cpp:7:10:[m[K [01;31m[Kfatal error: [m[Krm_interfaces/msg/target_info.hpp: No such file or directory
    7 | #include [01;31m[K"rm_interfaces/msg/target_info.hpp"[m[K
      |          [01;31m[K^~~~~~~~~~~~~~~~~~~~~~~~~~~~~~~~~~~[m[K
compilation terminated.
gmake[2]: *** [CMakeFiles/vision_detector.dir/build.make:93: CMakeFiles/vision_detector.dir/src/vision_detector.cpp.o] Error 1
gmake[2]: *** Waiting for unfinished jobs....
[01m[K/home/liker/Desktop/camera1/c_ws/src/vision_detector/src/pinhole_camera.cpp:[m[K In member function â€˜[01m[Kcoordinate PinholeCamera::CoordinateDetector()[m[Kâ€™:
[01m[K/home/liker/Desktop/camera1/c_ws/src/vision_detector/src/pinhole_camera.cpp:5:12:[m[K [01;35m[Kwarning: [m[Kunused variable â€˜[01m[Kz[m[Kâ€™ [[01;35m[K]8;;https://gcc.gnu.org/onlinedocs/gcc/Warning-Options.html#index-Wunused-variable-Wunused-variable]8;;[m[K]
    5 |     double [01;35m[Kz[m[K = target_depth_;
      |            [01;35m[K^[m[K
[01m[K/home/liker/Desktop/camera1/c_ws/src/vision_detector/src/pinhole_camera.cpp:6:12:[m[K [01;35m[Kwarning: [m[Kunused variable â€˜[01m[Kx[m[Kâ€™ [[01;35m[K]8;;https://gcc.gnu.org/onlinedocs/gcc/Warning-Options.html#index-Wunused-variable-Wunused-variable]8;;[m[K]
    6 |     double [01;35m[Kx[m[K = ((target_x_-center_x_)*target_depth_)/focal_length_x_;
      |            [01;35m[K^[m[K
[01m[K/home/liker/Desktop/camera1/c_ws/src/vision_detector/src/pinhole_camera.cpp:7:12:[m[K [01;35m[Kwarning: [m[Kunused variable â€˜[01m[Ky[m[Kâ€™ [[01;35m[K]8;;https://gcc.gnu.org/onlinedocs/gcc/Warning-Options.html#index-Wunused-variable-Wunused-variable]8;;[m[K]
    7 |     double [01;35m[Ky[m[K = ((target_y_-center_y_)*target_depth_)/focal_length_y_;
      |            [01;35m[K^[m[K
[01m[K/home/liker/Desktop/camera1/c_ws/src/vision_detector/src/pinhole_camera.cpp:8:1:[m[K [01;35m[Kwarning: [m[Kno return statement in function returning non-void [[01;35m[K]8;;https://gcc.gnu.org/onlinedocs/gcc/Warning-Options.html#index-Wreturn-type-Wreturn-type]8;;[m[K]
    8 | [01;35m[K}[m[K
      | [01;35m[K^[m[K
gmake[1]: *** [CMakeFiles/Makefile2:153: CMakeFiles/vision_detector.dir/all] Error 2
gmake: *** [Makefile:146: all] Error 2
