[0.012s] Invoking command in '/home/liker/Desktop/camera1/c_ws/src/build/vision_detector': CMAKE_PREFIX_PATH=/opt/ros/humble /usr/local/bin/cmake /home/liker/Desktop/camera1/c_ws/src/vision_detector -DCMAKE_INSTALL_PREFIX=/home/liker/Desktop/camera1/c_ws/src/install/vision_detector
[0.015s] [0mCMake Deprecation Warning at CMakeLists.txt:1 (cmake_minimum_required):
[0.015s]   Compatibility with CMake < 3.10 will be removed from a future version of
[0.015s]   CMake.
[0.015s] 
[0.015s]   Update the VERSION argument <min> value.  Or, use the <min>...<max> syntax
[0.015s]   to tell CMake that the project requires at least <min> but has been updated
[0.015s]   to work with policies introduced by <max> or earlier.
[0.015s] 
[0.015s] [0m
[0.022s] -- Found ament_cmake: 1.3.12 (/opt/ros/humble/share/ament_cmake/cmake)
[0.158s] -- Found rclcpp: 16.0.16 (/opt/ros/humble/share/rclcpp/cmake)
[0.178s] -- Found rosidl_generator_c: 3.1.7 (/opt/ros/humble/share/rosidl_generator_c/cmake)
[0.180s] -- Found rosidl_adapter: 3.1.7 (/opt/ros/humble/share/rosidl_adapter/cmake)
[0.183s] -- Found rosidl_generator_cpp: 3.1.7 (/opt/ros/humble/share/rosidl_generator_cpp/cmake)
[0.190s] -- Using all available rosidl_typesupport_c: rosidl_typesupport_fastrtps_c;rosidl_typesupport_introspection_c
[0.198s] -- Using all available rosidl_typesupport_cpp: rosidl_typesupport_fastrtps_cpp;rosidl_typesupport_introspection_cpp
[0.224s] -- Found rmw_implementation_cmake: 6.1.2 (/opt/ros/humble/share/rmw_implementation_cmake/cmake)
[0.226s] -- Found rmw_fastrtps_cpp: 6.2.9 (/opt/ros/humble/share/rmw_fastrtps_cpp/cmake)
[0.301s] -- Using RMW implementation 'rmw_fastrtps_cpp' as default
[0.348s] -- Found cv_bridge: 3.2.1 (/opt/ros/humble/share/cv_bridge/cmake)
[0.378s] -- Found ament_lint_auto: 0.12.14 (/opt/ros/humble/share/ament_lint_auto/cmake)
[0.427s] -- Added test 'cppcheck' to perform static code analysis on C / C++ code
[0.427s] -- Configured cppcheck include dirs: 
[0.427s] -- Configured cppcheck exclude dirs and/or files: 
[0.428s] -- Added test 'lint_cmake' to check CMake code style
[0.428s] -- Added test 'uncrustify' to check C / C++ code style
[0.429s] -- Configured uncrustify additional arguments: 
[0.429s] -- Added test 'xmllint' to check XML markup files
[0.430s] -- Configuring done (0.4s)
[0.445s] -- Generating done (0.0s)
[0.448s] -- Build files have been written to: /home/liker/Desktop/camera1/c_ws/src/build/vision_detector
[0.456s] Invoked command in '/home/liker/Desktop/camera1/c_ws/src/build/vision_detector' returned '0': CMAKE_PREFIX_PATH=/opt/ros/humble /usr/local/bin/cmake /home/liker/Desktop/camera1/c_ws/src/vision_detector -DCMAKE_INSTALL_PREFIX=/home/liker/Desktop/camera1/c_ws/src/install/vision_detector
[0.458s] Invoking command in '/home/liker/Desktop/camera1/c_ws/src/build/vision_detector': CMAKE_PREFIX_PATH=/opt/ros/humble /usr/local/bin/cmake --build /home/liker/Desktop/camera1/c_ws/src/build/vision_detector -- -j32 -l32
[0.489s] [ 66%] [32mBuilding CXX object CMakeFiles/vision_detector.dir/src/detector.cpp.o[0m
[0.489s] [ 66%] [32mBuilding CXX object CMakeFiles/vision_detector.dir/src/vision_detector.cpp.o[0m
[0.500s] [01m[K/home/liker/Desktop/camera1/c_ws/src/vision_detector/src/detector.cpp:1:10:[m[K [01;31m[Kfatal error: [m[Kdetector.hpp: No such file or directory
[0.500s]     1 | #include [01;31m[K"detector.hpp"[m[K
[0.500s]       |          [01;31m[K^~~~~~~~~~~~~~[m[K
[0.500s] compilation terminated.
[0.501s] gmake[2]: *** [CMakeFiles/vision_detector.dir/build.make:79: CMakeFiles/vision_detector.dir/src/detector.cpp.o] Error 1
[0.501s] gmake[2]: *** Waiting for unfinished jobs....
[0.768s] [01m[K/home/liker/Desktop/camera1/c_ws/src/vision_detector/src/vision_detector.cpp:6:10:[m[K [01;31m[Kfatal error: [m[Kdetector.hpp: No such file or directory
[0.768s]     6 | #include [01;31m[K<detector.hpp>[m[K
[0.768s]       |          [01;31m[K^~~~~~~~~~~~~~[m[K
[0.768s] compilation terminated.
[0.772s] gmake[2]: *** [CMakeFiles/vision_detector.dir/build.make:93: CMakeFiles/vision_detector.dir/src/vision_detector.cpp.o] Error 1
[0.772s] gmake[1]: *** [CMakeFiles/Makefile2:153: CMakeFiles/vision_detector.dir/all] Error 2
[0.772s] gmake: *** [Makefile:146: all] Error 2
[0.775s] Invoked command in '/home/liker/Desktop/camera1/c_ws/src/build/vision_detector' returned '2': CMAKE_PREFIX_PATH=/opt/ros/humble /usr/local/bin/cmake --build /home/liker/Desktop/camera1/c_ws/src/build/vision_detector -- -j32 -l32
