[0mCMake Deprecation Warning at CMakeLists.txt:1 (cmake_minimum_required):
  Compatibility with CMake < 3.10 will be removed from a future version of
  CMake.

  Update the VERSION argument <min> value.  Or, use the <min>...<max> syntax
  to tell CMake that the project requires at least <min> but has been updated
  to work with policies introduced by <max> or earlier.

[0m
[01m[Kcc1plus:[m[K [01;35m[Kwarning: [m[K/home/liker/Desktop/camera1/c_ws/src/vision_detector/include/vision_detector/detector.hpp: not a directory
[01m[Kcc1plus:[m[K [01;35m[Kwarning: [m[K/home/liker/Desktop/camera1/c_ws/src/vision_detector/include/vision_detector/detector.hpp: not a directory
[01m[K/home/liker/Desktop/camera1/c_ws/src/vision_detector/src/detector.cpp:1:10:[m[K [01;31m[Kfatal error: [m[Kdetector.hpp: No such file or directory
    1 | #include [01;31m[K"detector.hpp"[m[K
      |          [01;31m[K^~~~~~~~~~~~~~[m[K
compilation terminated.
gmake[2]: *** [CMakeFiles/vision_detector.dir/build.make:79: CMakeFiles/vision_detector.dir/src/detector.cpp.o] Error 1
gmake[2]: *** Waiting for unfinished jobs....
[01m[K/home/liker/Desktop/camera1/c_ws/src/vision_detector/src/vision_detector.cpp:6:10:[m[K [01;31m[Kfatal error: [m[Kdetector.hpp: No such file or directory
    6 | #include [01;31m[K<detector.hpp>[m[K
      |          [01;31m[K^~~~~~~~~~~~~~[m[K
compilation terminated.
gmake[2]: *** [CMakeFiles/vision_detector.dir/build.make:93: CMakeFiles/vision_detector.dir/src/vision_detector.cpp.o] Error 1
gmake[1]: *** [CMakeFiles/Makefile2:153: CMakeFiles/vision_detector.dir/all] Error 2
gmake: *** [Makefile:146: all] Error 2
