[0.014s] Invoking command in '/home/liker/Desktop/camera1/c_ws/src/build/vision_detector': CMAKE_PREFIX_PATH=/opt/ros/humble /usr/local/bin/cmake --build /home/liker/Desktop/camera1/c_ws/src/build/vision_detector -- -j32 -l32
[0.025s] [0mCMake Deprecation Warning at CMakeLists.txt:1 (cmake_minimum_required):
[0.025s]   Compatibility with CMake < 3.10 will be removed from a future version of
[0.025s]   CMake.
[0.025s] 
[0.025s]   Update the VERSION argument <min> value.  Or, use the <min>...<max> syntax
[0.025s]   to tell CMake that the project requires at least <min> but has been updated
[0.026s]   to work with policies introduced by <max> or earlier.
[0.026s] 
[0.026s] [0m
[0.030s] -- Found ament_cmake: 1.3.12 (/opt/ros/humble/share/ament_cmake/cmake)
[0.176s] -- Found rclcpp: 16.0.16 (/opt/ros/humble/share/rclcpp/cmake)
[0.196s] -- Found rosidl_generator_c: 3.1.7 (/opt/ros/humble/share/rosidl_generator_c/cmake)
[0.198s] -- Found rosidl_adapter: 3.1.7 (/opt/ros/humble/share/rosidl_adapter/cmake)
[0.201s] -- Found rosidl_generator_cpp: 3.1.7 (/opt/ros/humble/share/rosidl_generator_cpp/cmake)
[0.208s] -- Using all available rosidl_typesupport_c: rosidl_typesupport_fastrtps_c;rosidl_typesupport_introspection_c
[0.220s] -- Using all available rosidl_typesupport_cpp: rosidl_typesupport_fastrtps_cpp;rosidl_typesupport_introspection_cpp
[0.248s] -- Found rmw_implementation_cmake: 6.1.2 (/opt/ros/humble/share/rmw_implementation_cmake/cmake)
[0.249s] -- Found rmw_fastrtps_cpp: 6.2.9 (/opt/ros/humble/share/rmw_fastrtps_cpp/cmake)
[0.332s] -- Using RMW implementation 'rmw_fastrtps_cpp' as default
[0.377s] -- Found cv_bridge: 3.2.1 (/opt/ros/humble/share/cv_bridge/cmake)
[0.406s] -- Found ament_lint_auto: 0.12.14 (/opt/ros/humble/share/ament_lint_auto/cmake)
[0.460s] -- Added test 'cppcheck' to perform static code analysis on C / C++ code
[0.460s] -- Configured cppcheck include dirs: /home/liker/Desktop/camera1/c_ws/src/vision_detector/include/vision_detector/detector.hpp
[0.460s] -- Configured cppcheck exclude dirs and/or files: 
[0.460s] -- Added test 'lint_cmake' to check CMake code style
[0.461s] -- Added test 'uncrustify' to check C / C++ code style
[0.461s] -- Configured uncrustify additional arguments: 
[0.461s] -- Added test 'xmllint' to check XML markup files
[0.462s] -- Configuring done (0.4s)
[0.481s] -- Generating done (0.0s)
[0.483s] -- Build files have been written to: /home/liker/Desktop/camera1/c_ws/src/build/vision_detector
[0.507s] [ 33%] [32mBuilding CXX object CMakeFiles/vision_detector.dir/src/vision_detector.cpp.o[0m
[0.507s] [ 66%] [32mBuilding CXX object CMakeFiles/vision_detector.dir/src/detector.cpp.o[0m
[0.514s] [01m[Kcc1plus:[m[K [01;35m[Kwarning: [m[K/home/liker/Desktop/camera1/c_ws/src/vision_detector/include/vision_detector/detector.hpp: not a directory
[0.514s] [01m[Kcc1plus:[m[K [01;35m[Kwarning: [m[K/home/liker/Desktop/camera1/c_ws/src/vision_detector/include/vision_detector/detector.hpp: not a directory
[0.518s] [01m[K/home/liker/Desktop/camera1/c_ws/src/vision_detector/src/detector.cpp:1:10:[m[K [01;31m[Kfatal error: [m[Kdetector.hpp: No such file or directory
[0.518s]     1 | #include [01;31m[K"detector.hpp"[m[K
[0.518s]       |          [01;31m[K^~~~~~~~~~~~~~[m[K
[0.518s] compilation terminated.
[0.519s] gmake[2]: *** [CMakeFiles/vision_detector.dir/build.make:79: CMakeFiles/vision_detector.dir/src/detector.cpp.o] Error 1
[0.519s] gmake[2]: *** Waiting for unfinished jobs....
[0.768s] [01m[K/home/liker/Desktop/camera1/c_ws/src/vision_detector/src/vision_detector.cpp:6:10:[m[K [01;31m[Kfatal error: [m[Kdetector.hpp: No such file or directory
[0.768s]     6 | #include [01;31m[K<detector.hpp>[m[K
[0.768s]       |          [01;31m[K^~~~~~~~~~~~~~[m[K
[0.769s] compilation terminated.
[0.772s] gmake[2]: *** [CMakeFiles/vision_detector.dir/build.make:93: CMakeFiles/vision_detector.dir/src/vision_detector.cpp.o] Error 1
[0.772s] gmake[1]: *** [CMakeFiles/Makefile2:153: CMakeFiles/vision_detector.dir/all] Error 2
[0.773s] gmake: *** [Makefile:146: all] Error 2
[0.775s] Invoked command in '/home/liker/Desktop/camera1/c_ws/src/build/vision_detector' returned '2': CMAKE_PREFIX_PATH=/opt/ros/humble /usr/local/bin/cmake --build /home/liker/Desktop/camera1/c_ws/src/build/vision_detector -- -j32 -l32
