[0.021s] Invoking command in '/home/liker/Desktop/camera1/c_ws/src/build/my_launch': /usr/local/bin/cmake --build /home/liker/Desktop/camera1/c_ws/src/build/my_launch -- -j32 -l32
[0.076s] [0mCMake Deprecation Warning at CMakeLists.txt:1 (cmake_minimum_required):
[0.076s]   Compatibility with CMake < 3.10 will be removed from a future version of
[0.076s]   CMake.
[0.076s] 
[0.076s]   Update the VERSION argument <min> value.  Or, use the <min>...<max> syntax
[0.076s]   to tell CMake that the project requires at least <min> but has been updated
[0.076s]   to work with policies introduced by <max> or earlier.
[0.076s] 
[0.076s] [0m
[0.087s] -- Found ament_cmake: 1.3.12 (/opt/ros/humble/share/ament_cmake/cmake)
[0.390s] -- Found rviz2: 11.2.23 (/opt/ros/humble/share/rviz2/cmake)
[0.391s] -- Found tf2_ros: 0.25.17 (/opt/ros/humble/share/tf2_ros/cmake)
[0.425s] -- Found rosidl_generator_c: 3.1.7 (/opt/ros/humble/share/rosidl_generator_c/cmake)
[0.428s] -- Found rosidl_adapter: 3.1.7 (/opt/ros/humble/share/rosidl_adapter/cmake)
[0.436s] -- Found rosidl_generator_cpp: 3.1.7 (/opt/ros/humble/share/rosidl_generator_cpp/cmake)
[0.448s] -- Using all available rosidl_typesupport_c: rosidl_typesupport_fastrtps_c;rosidl_typesupport_introspection_c
[0.461s] -- Using all available rosidl_typesupport_cpp: rosidl_typesupport_fastrtps_cpp;rosidl_typesupport_introspection_cpp
[0.525s] -- Found rmw_implementation_cmake: 6.1.2 (/opt/ros/humble/share/rmw_implementation_cmake/cmake)
[0.527s] -- Found rmw_fastrtps_cpp: 6.2.9 (/opt/ros/humble/share/rmw_fastrtps_cpp/cmake)
[0.627s] -- Using RMW implementation 'rmw_fastrtps_cpp' as default
[0.760s] -- Found ament_lint_auto: 0.12.14 (/opt/ros/humble/share/ament_lint_auto/cmake)
[0.823s] Error parsing '/home/liker/Desktop/camera1/c_ws/src/my_launch/package.xml':
[0.894s] Traceback (most recent call last):
[0.894s]   File "/opt/ros/humble/share/ament_cmake_core/cmake/core/package_xml_2_cmake.py", line 150, in <module>
[0.894s]     main()
[0.894s]   File "/opt/ros/humble/share/ament_cmake_core/cmake/core/package_xml_2_cmake.py", line 53, in main
[0.894s]     raise e
[0.894s]   File "/opt/ros/humble/share/ament_cmake_core/cmake/core/package_xml_2_cmake.py", line 49, in main
[0.895s]     package = parse_package_string(
[0.895s]   File "/usr/lib/python3/dist-packages/catkin_pkg/package.py", line 786, in parse_package_string
[0.895s]     raise InvalidPackage('Error(s):%s' % (''.join(['\n- %s' % e for e in errors])), filename)
[0.895s] catkin_pkg.package.InvalidPackage: Error(s) in package '/home/liker/Desktop/camera1/c_ws/src/my_launch/package.xml':
[0.895s] Error(s):
[0.895s] - The generic dependency on 'rviz2' is redundant with: exec_depend
[0.906s] [31mCMake Error at /opt/ros/humble/share/ament_cmake_core/cmake/core/ament_package_xml.cmake:95 (message):
[0.906s]   execute_process(/usr/bin/python3
[0.906s]   /opt/ros/humble/share/ament_cmake_core/cmake/core/package_xml_2_cmake.py
[0.907s]   /home/liker/Desktop/camera1/c_ws/src/my_launch/package.xml
[0.907s]   /home/liker/Desktop/camera1/c_ws/src/build/my_launch/ament_cmake_core/package.cmake)
[0.907s]   returned error code 1
[0.907s] Call Stack (most recent call first):
[0.907s]   /opt/ros/humble/share/ament_cmake_core/cmake/core/ament_package_xml.cmake:49 (_ament_package_xml)
[0.907s]   /opt/ros/humble/share/ament_lint_auto/cmake/ament_lint_auto_find_test_dependencies.cmake:31 (ament_package_xml)
[0.907s]   CMakeLists.txt:22 (ament_lint_auto_find_test_dependencies)
[0.907s] 
[0.907s] [0m
[0.907s] -- Configuring incomplete, errors occurred!
[0.915s] gmake: *** [Makefile:226: cmake_check_build_system] Error 1
[0.917s] Invoked command in '/home/liker/Desktop/camera1/c_ws/src/build/my_launch' returned '2': /usr/local/bin/cmake --build /home/liker/Desktop/camera1/c_ws/src/build/my_launch -- -j32 -l32
